<?xml version="1.0" encoding="UTF-8"?>
<!-- Generated by org.testng.reporters.JUnitReportReporter -->
<testsuite skipped="0" hostname="valmiki-PC" name="com.selenium.project.com.test.selenium.gmailLogin" tests="1" failures="0" timestamp="12 Oct 2019 18:30:22 GMT" time="6.892" errors="0">
  <testcase name="Gmail_Login" time="6.892" classname="com.selenium.project.com.test.selenium.gmailLogin"/>
</testsuite> <!-- com.selenium.project.com.test.selenium.gmailLogin -->
